<?xml version="1.0" encoding="UTF-8"?>
<!-- Generated by org.testng.reporters.JUnitReportReporter -->
<testsuite skipped="0" hostname="ECO-32639" name="testes.TestConversaoTemperaturas" tests="2" failures="0" timestamp="9 Oct 2016 23:00:18 GMT" time="1.791" errors="0">
  <testcase name="testFahrenheitToCelsious" time="0.428" classname="testes.TestConversaoTemperaturas"/>
  <testcase name="testCelsiouToFahrenheit" time="1.363" classname="testes.TestConversaoTemperaturas"/>
</testsuite> <!-- testes.TestConversaoTemperaturas -->
