<?xml version="1.0" encoding="UTF-8"?>
<!-- Generated by org.testng.reporters.JUnitReportReporter -->
<testsuite skipped="0" hostname="ECO-32639" name="testes.TestePaginaSoma" tests="2" failures="0" timestamp="9 Oct 2016 22:45:46 GMT" time="1.505" errors="0">
  <testcase name="testESoma" time="1.268" classname="testes.TestePaginaSoma"/>
  <testcase name="testESoma2" time="0.237" classname="testes.TestePaginaSoma"/>
</testsuite> <!-- testes.TestePaginaSoma -->
