<?xml version="1.0" encoding="UTF-8"?>
<!-- Generated by org.testng.reporters.JUnitReportReporter -->
<testsuite skipped="0" hostname="ECO-32639" name="testes.TestCelsiousToFahrenheit" tests="2" failures="0" timestamp="9 Oct 2016 22:51:55 GMT" time="1.612" errors="0">
  <testcase name="testFahrenheitToCelsious" time="0.328" classname="testes.TestCelsiousToFahrenheit"/>
  <testcase name="testCelsiouToFahrenheit" time="1.284" classname="testes.TestCelsiousToFahrenheit"/>
</testsuite> <!-- testes.TestCelsiousToFahrenheit -->
