<?xml version="1.0" encoding="UTF-8"?>
<!-- Generated by org.testng.reporters.JUnitReportReporter -->
<testsuite skipped="0" hostname="ECO-32639" name="testes.TestWebTradutor" tests="3" failures="0" timestamp="16 Oct 2016 21:32:17 GMT" time="1.939" errors="0">
  <testcase name="testTraducaoLivro" time="0.320" classname="testes.TestWebTradutor"/>
  <testcase name="testTraducaoPalavraInexistente" time="0.199" classname="testes.TestWebTradutor"/>
  <testcase name="testTraducaoHouse" time="1.420" classname="testes.TestWebTradutor"/>
</testsuite> <!-- testes.TestWebTradutor -->
